<?xml version="1.0" encoding="UTF-8"?>
<testsuite name="com.bridgelabz.MyHashMapParanoidTest" tests="1" skipped="0" failures="0" errors="0" timestamp="2021-06-20T16:46:54" hostname="SHWETA29" time="0.026">
  <properties/>
  <testcase name="givenALargeSentenceWhenWordsAreAddedToListShouldReturnParanoidWordFrequency" classname="com.bridgelabz.MyHashMapParanoidTest" time="0.026"/>
  <system-out><![CDATA[com.bridgelabz.MyHashMapParanoid@67a3ede1
]]></system-out>
  <system-err><![CDATA[]]></system-err>
</testsuite>
